Traceback (most recent call last):
  File "/Users/akshah/Documents/PyCharmProjects/disco-outage-detector/src/output_writer.py", line 20, in write
    writer = csv.writer(csvfile, delimiter=delimiter)
NameError: global name 'csv' is not defined
Traceback (most recent call last):
  File "/Users/akshah/Documents/PyCharmProjects/disco-outage-detector/src/output_writer.py", line 20, in write
    writer = csv.writer(csvfile, delimiter=delimiter)
NameError: global name 'csv' is not defined
Traceback (most recent call last):
  File "/Users/akshah/Documents/PyCharmProjects/disco-outage-detector/src/output_writer.py", line 20, in write
    writer = csv.writer(csvfile, delimiter=delimiter)
NameError: global name 'csv' is not defined
Traceback (most recent call last):
  File "/Users/akshah/Documents/PyCharmProjects/disco-outage-detector/src/output_writer.py", line 20, in write
    writer = csv.writer(csvfile, delimiter=delimiter)
NameError: global name 'csv' is not defined
Traceback (most recent call last):
  File "/Users/akshah/Documents/PyCharmProjects/disco-outage-detector/src/output_writer.py", line 20, in write
    writer = csv.writer(csvfile, delimiter=delimiter)
NameError: global name 'csv' is not defined
Traceback (most recent call last):
  File "/Users/akshah/Documents/PyCharmProjects/disco-outage-detector/src/output_writer.py", line 20, in write
    writer = csv.writer(csvfile, delimiter=delimiter)
NameError: global name 'csv' is not defined
Traceback (most recent call last):
  File "/Users/akshah/Documents/PyCharmProjects/disco-outage-detector/src/output_writer.py", line 20, in write
    writer = csv.writer(csvfile, delimiter=delimiter)
NameError: global name 'csv' is not defined
Traceback (most recent call last):
  File "/Users/akshah/Documents/PyCharmProjects/disco-outage-detector/src/output_writer.py", line 20, in write
    writer = csv.writer(csvfile, delimiter=delimiter)
NameError: global name 'csv' is not defined
Traceback (most recent call last):
  File "/Users/akshah/Documents/PyCharmProjects/disco-outage-detector/src/output_writer.py", line 20, in write
    writer = csv.writer(csvfile, delimiter=delimiter)
NameError: global name 'csv' is not defined
Traceback (most recent call last):
  File "/Users/akshah/Documents/PyCharmProjects/disco-outage-detector/src/output_writer.py", line 20, in write
    writer = csv.writer(csvfile, delimiter=delimiter)
NameError: global name 'csv' is not defined
Traceback (most recent call last):
  File "/Users/akshah/Documents/PyCharmProjects/disco-outage-detector/src/output_writer.py", line 20, in write
    writer = csv.writer(csvfile, delimiter=delimiter)
NameError: global name 'csv' is not defined
Traceback (most recent call last):
  File "/Users/akshah/Documents/PyCharmProjects/disco-outage-detector/src/output_writer.py", line 20, in write
    writer = csv.writer(csvfile, delimiter=delimiter)
NameError: global name 'csv' is not defined
Traceback (most recent call last):
  File "/Users/akshah/Documents/PyCharmProjects/disco-outage-detector/src/output_writer.py", line 20, in write
    writer = csv.writer(csvfile, delimiter=delimiter)
NameError: global name 'csv' is not defined
Traceback (most recent call last):
  File "/Users/akshah/Documents/PyCharmProjects/disco-outage-detector/src/output_writer.py", line 20, in write
    writer = csv.writer(csvfile, delimiter=delimiter)
NameError: global name 'csv' is not defined
Traceback (most recent call last):
  File "/Users/akshah/Documents/PyCharmProjects/disco-outage-detector/src/output_writer.py", line 20, in write
    writer = csv.writer(csvfile, delimiter=delimiter)
NameError: global name 'csv' is not defined
Traceback (most recent call last):
  File "/Users/akshah/Documents/PyCharmProjects/disco-outage-detector/src/output_writer.py", line 20, in write
    writer = csv.writer(csvfile, delimiter=delimiter)
NameError: global name 'csv' is not defined
Traceback (most recent call last):
  File "/Users/akshah/Documents/PyCharmProjects/disco-outage-detector/src/output_writer.py", line 20, in write
    writer = csv.writer(csvfile, delimiter=delimiter)
NameError: global name 'csv' is not defined
Traceback (most recent call last):
  File "/Users/akshah/Documents/PyCharmProjects/disco-outage-detector/src/output_writer.py", line 20, in write
    writer = csv.writer(csvfile, delimiter=delimiter)
NameError: global name 'csv' is not defined
Traceback (most recent call last):
  File "/Users/akshah/Documents/PyCharmProjects/disco-outage-detector/src/output_writer.py", line 20, in write
    writer = csv.writer(csvfile, delimiter=delimiter)
NameError: global name 'csv' is not defined
Traceback (most recent call last):
  File "/Users/akshah/Documents/PyCharmProjects/disco-outage-detector/src/output_writer.py", line 20, in write
    writer = csv.writer(csvfile, delimiter=delimiter)
NameError: global name 'csv' is not defined
Traceback (most recent call last):
  File "/Users/akshah/Documents/PyCharmProjects/disco-outage-detector/src/output_writer.py", line 20, in write
    writer = csv.writer(csvfile, delimiter=delimiter)
NameError: global name 'csv' is not defined
Traceback (most recent call last):
  File "/Users/akshah/Documents/PyCharmProjects/disco-outage-detector/src/output_writer.py", line 20, in write
    writer = csv.writer(csvfile, delimiter=delimiter)
NameError: global name 'csv' is not defined
Traceback (most recent call last):
  File "/Users/akshah/Documents/PyCharmProjects/disco-outage-detector/src/output_writer.py", line 20, in write
    writer = csv.writer(csvfile, delimiter=delimiter)
NameError: global name 'csv' is not defined
Traceback (most recent call last):
  File "/Users/akshah/Documents/PyCharmProjects/disco-outage-detector/src/output_writer.py", line 20, in write
    writer = csv.writer(csvfile, delimiter=delimiter)
NameError: global name 'csv' is not defined
Traceback (most recent call last):
  File "/Users/akshah/Documents/PyCharmProjects/disco-outage-detector/src/output_writer.py", line 20, in write
    writer = csv.writer(csvfile, delimiter=delimiter)
NameError: global name 'csv' is not defined
Traceback (most recent call last):
  File "/Users/akshah/Documents/PyCharmProjects/disco-outage-detector/src/output_writer.py", line 20, in write
    writer = csv.writer(csvfile, delimiter=delimiter)
NameError: global name 'csv' is not defined
Traceback (most recent call last):
  File "/Users/akshah/Documents/PyCharmProjects/disco-outage-detector/src/output_writer.py", line 20, in write
    writer = csv.writer(csvfile, delimiter=delimiter)
NameError: global name 'csv' is not defined
Traceback (most recent call last):
  File "/Users/akshah/Documents/PyCharmProjects/disco-outage-detector/src/output_writer.py", line 20, in write
    writer = csv.writer(csvfile, delimiter=delimiter)
NameError: global name 'csv' is not defined
Traceback (most recent call last):
  File "/Users/akshah/Documents/PyCharmProjects/disco-outage-detector/src/output_writer.py", line 20, in write
    writer = csv.writer(csvfile, delimiter=delimiter)
NameError: global name 'csv' is not defined
Traceback (most recent call last):
  File "/Users/akshah/Documents/PyCharmProjects/disco-outage-detector/src/output_writer.py", line 20, in write
    writer = csv.writer(csvfile, delimiter=delimiter)
NameError: global name 'csv' is not defined
Traceback (most recent call last):
  File "/Users/akshah/Documents/PyCharmProjects/disco-outage-detector/src/output_writer.py", line 20, in write
    writer = csv.writer(csvfile, delimiter=delimiter)
NameError: global name 'csv' is not defined
Traceback (most recent call last):
  File "/Users/akshah/Documents/PyCharmProjects/disco-outage-detector/src/output_writer.py", line 20, in write
    writer = csv.writer(csvfile, delimiter=delimiter)
NameError: global name 'csv' is not defined
Traceback (most recent call last):
  File "/Users/akshah/Documents/PyCharmProjects/disco-outage-detector/src/output_writer.py", line 20, in write
    with closing(open(self.resultfilename, 'a+')) as csvfile:
NameError: global name 'csv' is not defined
Traceback (most recent call last):
  File "/Users/akshah/Documents/PyCharmProjects/disco-outage-detector/src/output_writer.py", line 20, in write
    with closing(open(self.resultfilename, 'a+')) as csvfile:
NameError: global name 'csv' is not defined
Traceback (most recent call last):
  File "/Users/akshah/Documents/PyCharmProjects/disco-outage-detector/src/output_writer.py", line 20, in write
    with closing(open(self.resultfilename, 'a+')) as csvfile:
NameError: global name 'csv' is not defined
Traceback (most recent call last):
  File "/Users/akshah/Documents/PyCharmProjects/disco-outage-detector/src/output_writer.py", line 20, in write
    with closing(open(self.resultfilename, 'a+')) as csvfile:
NameError: global name 'csv' is not defined
Traceback (most recent call last):
  File "/Users/akshah/Documents/PyCharmProjects/disco-outage-detector/src/output_writer.py", line 20, in write
    with closing(open(self.resultfilename, 'a+')) as csvfile:
NameError: global name 'csv' is not defined
Traceback (most recent call last):
  File "/Users/akshah/Documents/PyCharmProjects/disco-outage-detector/src/output_writer.py", line 20, in write
    with closing(open(self.resultfilename, 'a+')) as csvfile:
NameError: global name 'csv' is not defined
